<?xml version="1.0" encoding="UTF-8"?>
<testng-results skipped="0" failed="0" ignored="0" total="1" passed="1">
  <reporter-output>
  </reporter-output>
  <suite name="Default suite" duration-ms="22395" started-at="2018-03-20T04:02:06Z" finished-at="2018-03-20T04:02:29Z">
    <groups>
    </groups>
    <test name="Default test" duration-ms="22395" started-at="2018-03-20T04:02:06Z" finished-at="2018-03-20T04:02:29Z">
      <class name="org.webdriver.tests.TestSignUp_3">
        <test-method status="PASS" signature="setUp()[pri:0, instance:org.webdriver.tests.TestSignUp_3@76f2b07d]" name="setUp" is-config="true" duration-ms="3743" started-at="2018-03-20T04:02:06Z" finished-at="2018-03-20T04:02:10Z">
          <reporter-output>
          </reporter-output>
        </test-method> <!-- setUp -->
        <test-method status="PASS" signature="testSignUp_3()[pri:0, instance:org.webdriver.tests.TestSignUp_3@76f2b07d]" name="testSignUp_3" duration-ms="18519" started-at="2018-03-20T04:02:10Z" finished-at="2018-03-20T04:02:29Z">
          <reporter-output>
          </reporter-output>
        </test-method> <!-- testSignUp_3 -->
        <test-method status="PASS" signature="end()[pri:0, instance:org.webdriver.tests.TestSignUp_3@76f2b07d]" name="end" is-config="true" duration-ms="107" started-at="2018-03-20T04:02:29Z" finished-at="2018-03-20T04:02:29Z">
          <reporter-output>
          </reporter-output>
        </test-method> <!-- end -->
      </class> <!-- org.webdriver.tests.TestSignUp_3 -->
    </test> <!-- Default test -->
  </suite> <!-- Default suite -->
</testng-results>
