<?xml version="1.0" encoding="UTF-8"?>
<!-- Generated by org.testng.reporters.JUnitXMLReporter -->
<testsuite hostname="dus-MacBook-Pro.local" ignored="0" name="Default test" tests="5" failures="0" timestamp="19 Mar 2018 14:55:00 GMT" time="166.207" errors="0">
  <testcase name="testSignIn_1" time="22.358" classname="org.webdriver.tests.TestSignIn_1"/>
  <testcase name="testSignIn_5" time="23.102" classname="org.webdriver.tests.TestSignIn_5"/>
  <testcase name="testSignIn_4" time="24.657" classname="org.webdriver.tests.TestSignIn_4"/>
  <testcase name="testSignIn_3" time="52.716" classname="org.webdriver.tests.TestSignIn_3"/>
  <testcase name="testSignIn_2" time="26.921" classname="org.webdriver.tests.TestSignIn_2"/>
</testsuite> <!-- Default test -->
