<?xml version="1.0" encoding="UTF-8"?>
<!-- Generated by org.testng.reporters.JUnitXMLReporter -->
<testsuite hostname="dus-MacBook-Pro.local" ignored="0" name="Default test" tests="3" failures="0" timestamp="22 Mar 2018 04:17:24 GMT" time="56.546" errors="0">
  <testcase name="testForgotPassword_3" time="17.867" classname="org.webdriver.tests.TestForgotPassword_3"/>
  <testcase name="testForgotPassword_2" time="13.735" classname="org.webdriver.tests.TestForgotPassword_2"/>
  <testcase name="testForgotPassword_1" time="13.31" classname="org.webdriver.tests.TestForgotPassword_1"/>
</testsuite> <!-- Default test -->
